生成启动时间为 2017/6/30 0:02:35。
     1>项目“C:\Users\SHIYONG\documents\visual studio 2010\Projects\Mogan\Mogan\Mogan.vcxproj”在节点 2 上(build 个目标)。
     1>InitializeBuildStatus:
         正在创建“Debug\Mogan.unsuccessfulbuild”，因为已指定“AlwaysCreate”。
       ClCompile:
         C:\Program Files (x86)\Microsoft Visual Studio 10.0\VC\bin\CL.exe /c /ZI /nologo /W3 /WX- /Od /Oy- /D _MBCS /Gm /EHsc /RTC1 /MDd /GS /fp:precise /Zc:wchar_t /Zc:forScope /Fo"Debug\\" /Fd"Debug\vc100.pdb" /Gd /TP /analyze- /errorReport:prompt Order.cpp User.cpp main.cpp stock.cpp
         Order.cpp
         正在生成代码...
         正在编译...
         main.cpp
     1>c:\users\shiyong\documents\visual studio 2010\projects\mogan\mogan\main.cpp(254): warning C4996: 'strcpy': This function or variable may be unsafe. Consider using strcpy_s instead. To disable deprecation, use _CRT_SECURE_NO_WARNINGS. See online help for details.
                 c:\program files (x86)\microsoft visual studio 10.0\vc\include\string.h(105) : 参见“strcpy”的声明
     1>c:\users\shiyong\documents\visual studio 2010\projects\mogan\mogan\main.cpp(444): warning C4996: 'strcpy': This function or variable may be unsafe. Consider using strcpy_s instead. To disable deprecation, use _CRT_SECURE_NO_WARNINGS. See online help for details.
                 c:\program files (x86)\microsoft visual studio 10.0\vc\include\string.h(105) : 参见“strcpy”的声明
         正在生成代码...
     1>c:\users\shiyong\documents\visual studio 2010\projects\mogan\mogan\main.cpp(453): warning C4715: “threadpro”: 不是所有的控件路径都返回值
         正在跳过...(未检测到相关更改)
         stock.cpp
         User.cpp
       Link:
         C:\Program Files (x86)\Microsoft Visual Studio 10.0\VC\bin\link.exe /ERRORREPORT:PROMPT /OUT:"C:\Users\SHIYONG\documents\visual studio 2010\Projects\Mogan\Debug\Mogan.exe" /NOLOGO kernel32.lib user32.lib gdi32.lib winspool.lib comdlg32.lib advapi32.lib shell32.lib ole32.lib oleaut32.lib uuid.lib odbc32.lib odbccp32.lib kernel32.lib user32.lib gdi32.lib winspool.lib comdlg32.lib advapi32.lib shell32.lib ole32.lib oleaut32.lib uuid.lib odbc32.lib odbccp32.lib kernel32.lib user32.lib gdi32.lib winspool.lib comdlg32.lib advapi32.lib shell32.lib ole32.lib oleaut32.lib uuid.lib odbc32.lib odbccp32.lib /MANIFEST /ManifestFile:"Debug\Mogan.exe.intermediate.manifest" /MANIFESTUAC:"level='asInvoker' uiAccess='false'" /DEBUG /PDB:"C:\Users\SHIYONG\documents\visual studio 2010\Projects\Mogan\Debug\Mogan.pdb" /TLBID:1 /DYNAMICBASE /NXCOMPAT /IMPLIB:"C:\Users\SHIYONG\documents\visual studio 2010\Projects\Mogan\Debug\Mogan.lib" /MACHINE:X86 Debug\client.obj
         Debug\main.obj
         Debug\Order.obj
         Debug\stock.obj
         Debug\User.obj
         LINK : 没有找到 C:\Users\SHIYONG\documents\visual studio 2010\Projects\Mogan\Debug\Mogan.exe 或上一个增量链接没有生成它；正在执行完全链接
         Mogan.vcxproj -> C:\Users\SHIYONG\documents\visual studio 2010\Projects\Mogan\Debug\Mogan.exe
       Manifest:
         C:\Program Files (x86)\Microsoft SDKs\Windows\v7.0A\bin\mt.exe /nologo /verbose /outputresource:"C:\Users\SHIYONG\documents\visual studio 2010\Projects\Mogan\Debug\Mogan.exe;#1" /manifest Debug\Mogan.exe.intermediate.manifest
       FinalizeBuildStatus:
         正在删除文件“Debug\Mogan.unsuccessfulbuild”。
         正在对“Debug\Mogan.lastbuildstate”执行 Touch 任务。
     1>已完成生成项目“C:\Users\SHIYONG\documents\visual studio 2010\Projects\Mogan\Mogan\Mogan.vcxproj”(build 个目标)的操作。

生成成功。

已用时间 00:00:04.92
